<?xml version="1.0" encoding="UTF-8"?>
<!-- Generated by org.testng.reporters.JUnitReportReporter -->
<testsuite hostname="DESKTOP-96TQQ8T" failures="0" tests="1" name="com.maven.practice.Practice2Test" time="0.007" errors="0" timestamp="2022-07-23T13:59:34 IST" skipped="0">
  <testcase classname="com.maven.practice.Practice2Test" name="method1" time="0.007"/>
  <system-out>
    <![CDATA[Hi..How Are You]]>
  </system-out>
</testsuite> <!-- com.maven.practice.Practice2Test -->
