<?xml version="1.0" encoding="UTF-8"?>
<!-- Generated by org.testng.reporters.JUnitReportReporter -->
<testsuite hostname="DESKTOP-96TQQ8T" failures="0" tests="1" name="com.maven.practice.Practice3Test" time="0.001" errors="0" timestamp="2022-07-23T13:59:34 IST" skipped="0">
  <testcase classname="com.maven.practice.Practice3Test" name="method3" time="0.001"/>
  <system-out>
    <![CDATA[url=======>
browser====>
username====>
password=====>]]>
  </system-out>
</testsuite> <!-- com.maven.practice.Practice3Test -->
