<?xml version="1.0" encoding="UTF-8"?>
<!-- Generated by org.testng.reporters.JUnitReportReporter -->
<testsuite hostname="DESKTOP-96TQQ8T" failures="0" tests="1" name="com.maven.practice.Prctice1Test" time="0.008" errors="0" timestamp="2022-07-23T13:25:48 IST" skipped="0">
  <testcase classname="com.maven.practice.Prctice1Test" name="demo" time="0.008"/>
  <system-out/>
</testsuite> <!-- com.maven.practice.Prctice1Test -->
