<?xml version="1.0" encoding="UTF-8"?>
<!-- Generated by org.testng.reporters.JUnitReportReporter -->
<testsuite skipped="0" hostname="DESKTOP-96TQQ8T" name="com.maven.practice.Practice3Test" tests="1" failures="0" timestamp="2022-07-23T14:06:38 IST" time="0.003" errors="0">
  <testcase name="method3" time="0.003" classname="com.maven.practice.Practice3Test"/>
  <system-out/>
</testsuite> <!-- com.maven.practice.Practice3Test -->
