<?xml version="1.0" encoding="UTF-8"?>
<!-- Generated by org.testng.reporters.JUnitReportReporter -->
<testsuite skipped="0" hostname="DESKTOP-96TQQ8T" name="com.maven.practice.Practice2Test" tests="1" failures="0" timestamp="2022-07-23T14:05:51 IST" time="0.001" errors="0">
  <testcase name="method1" time="0.001" classname="com.maven.practice.Practice2Test"/>
  <system-out>
    <![CDATA[Hi..How Are You]]>
  </system-out>
</testsuite> <!-- com.maven.practice.Practice2Test -->
