<?xml version="1.0" encoding="UTF-8"?>
<!-- Generated by org.testng.reporters.JUnitReportReporter -->
<testsuite skipped="0" hostname="DESKTOP-96TQQ8T" name="com.maven.practice.Prctice1Test" tests="1" failures="0" timestamp="2022-07-23T14:06:22 IST" time="0.001" errors="0">
  <testcase name="demo" time="0.001" classname="com.maven.practice.Prctice1Test"/>
  <system-out/>
</testsuite> <!-- com.maven.practice.Prctice1Test -->
